12:48:15.272 [qtp1643691748-17] INFO  com.ssinitsa.training.culinary.services.impl.IngredientServiceImpl - Insert new Ingredient: Ingredient [id=18, name=fsdgsdk, calories=234, fats=56.0, proteins=5.0, carbohydrates=1.8, category=meat]
12:48:26.532 [qtp1643691748-16] INFO  com.ssinitsa.training.culinary.services.impl.IngredientServiceImpl - Insert new Ingredient: Ingredient [id=19, name=fsdgsdk, calories=234, fats=56.0, proteins=5.0, carbohydrates=1.8, category=meat]
12:48:29.747 [qtp1643691748-17] INFO  com.ssinitsa.training.culinary.services.impl.IngredientServiceImpl - Insert new Ingredient: Ingredient [id=20, name=fsdgsdk, calories=234, fats=56.0, proteins=5.0, carbohydrates=1.8, category=meat]
13:11:08.193 [qtp1643691748-16] INFO  com.ssinitsa.training.culinary.services.impl.IngredientServiceImpl - Update Ingredient: Ingredient [id=10, name=fsdgsdk, calories=234, fats=56.0, proteins=5.0, carbohydrates=1.8, category=meat]
13:40:14.378 [qtp1643691748-17] INFO  com.ssinitsa.training.culinary.services.impl.IngredientServiceImpl - Update Ingredient: Ingredient [id=10, name=sgegegsg, calories=80, fats=0.3, proteins=1.4, carbohydrates=0.1, category=meat]
14:14:22.788 [qtp1643691748-14] INFO  com.ssinitsa.training.culinary.services.impl.IngredientServiceImpl - Update Ingredient: Ingredient [id=10, name=sgetsjsjsg, calories=80, fats=0.3, proteins=1.4, carbohydrates=0.1, category=meat]
14:15:09.443 [qtp1643691748-14] INFO  com.ssinitsa.training.culinary.services.impl.IngredientServiceImpl - Update Ingredient: Ingredient [id=10, name=sgetsjsjsg, calories=80, fats=0.3, proteins=1.4, carbohydrates=0.1, category=meat]
14:24:26.594 [qtp1643691748-18] INFO  com.ssinitsa.training.culinary.services.impl.IngredientServiceImpl - Update Ingredient: Ingredient [id=10, name=aaaaatsjsjsg, calories=80, fats=0.3, proteins=1.4, carbohydrates=0.1, category=meat]
14:26:51.281 [qtp1643691748-14] INFO  com.ssinitsa.training.culinary.services.impl.IngredientServiceImpl - Update Ingredient: Ingredient [id=10, name=rgsrdgtsjsjsg, calories=80, fats=0.3, proteins=1.4, carbohydrates=0.1, category=meat]
14:28:48.000 [qtp1643691748-18] INFO  com.ssinitsa.training.culinary.services.impl.IngredientServiceImpl - Update Ingredient: Ingredient [id=10, name=eryreygtsjsjsg, calories=80, fats=0.3, proteins=1.4, carbohydrates=0.1, category=meat]
15:04:54.945 [qtp1643691748-16] INFO  com.ssinitsa.training.culinary.services.impl.IngredientServiceImpl - Update Ingredient: Ingredient [id=10, name=tysjsg, calories=80, fats=0.3, proteins=1.4, carbohydrates=0.1, category=meat]
15:06:59.208 [qtp1643691748-15] INFO  com.ssinitsa.training.culinary.services.impl.IngredientServiceImpl - Update Ingredient: Ingredient [id=10, name=55tjsg, calories=80, fats=0.3, proteins=1.4, carbohydrates=0.1, category=meat]
15:11:19.902 [qtp1643691748-15] INFO  com.ssinitsa.training.culinary.services.impl.IngredientServiceImpl - Update Ingredient: Ingredient [id=10, name=55tjsg, calories=80, fats=0.3, proteins=1.4, carbohydrates=0.1, category=meat]
15:11:53.148 [qtp1643691748-13] INFO  com.ssinitsa.training.culinary.services.impl.IngredientServiceImpl - Update Ingredient: Ingredient [id=10, name=55tjsg, calories=80, fats=0.3, proteins=1.4, carbohydrates=0.1, category=meat]
15:27:58.192 [qtp1643691748-14] INFO  com.ssinitsa.training.culinary.services.impl.IngredientServiceImpl - Update Ingredient: Ingredient [id=10, name=wdwdjsg, calories=80, fats=0.3, proteins=1.4, carbohydrates=0.1, category=meat]
15:28:19.296 [qtp1643691748-15] INFO  com.ssinitsa.training.culinary.services.impl.IngredientServiceImpl - Insert new Ingredient: Ingredient [id=21, name=qgeg, calories=80, fats=0.3, proteins=1.4, carbohydrates=0.1, category=meat]
15:31:10.189 [qtp1643691748-15] INFO  com.ssinitsa.training.culinary.services.impl.IngredientServiceImpl - Update Ingredient: Ingredient [id=10, name=qfewf, calories=80, fats=0.3, proteins=1.4, carbohydrates=0.1, category=meat]
15:36:25.154 [qtp1643691748-16] INFO  com.ssinitsa.training.culinary.services.impl.RecipeServiceImpl - Add new recipe: Recipe [id=9, name=recipeqweq3, description=something, authorId=1, created=2017-05-14 15:36:25.107, category=hot, vegetarian=false]
16:26:38.913 [qtp1643691748-15] INFO  com.ssinitsa.training.culinary.services.impl.RecipeServiceImpl - Update recipe: Recipe [id=2, name=recipe2, description=something, authorId=2, created=2017-04-27 22:58:04.885, category=breakfast, vegetarian=false]
16:28:00.253 [qtp1643691748-14] INFO  com.ssinitsa.training.culinary.services.impl.RecipeServiceImpl - Update recipe: Recipe [id=2, name=recipe2, description=something, authorId=2, created=2017-04-27 22:58:04.885, category=breakfast, vegetarian=false]
16:46:38.121 [qtp1643691748-15] INFO  com.ssinitsa.training.culinary.services.impl.RecipeServiceImpl - Update recipe: Recipe [id=2, name=recipe2, description=something, authorId=2, created=2017-04-27 22:58:04.885, category=breakfast, vegetarian=false]
16:58:58.070 [qtp1643691748-17] INFO  com.ssinitsa.training.culinary.services.impl.RecipeServiceImpl - Update recipe: Recipe [id=3, name=recipegrdgdg, description=something, authorId=3, created=2017-04-27 22:58:08.386, category=breakfast, vegetarian=false]
17:00:03.985 [qtp1643691748-15] INFO  com.ssinitsa.training.culinary.services.impl.RecipeServiceImpl - Update recipe: Recipe [id=3, name=recipegrdgdg, description=something, authorId=3, created=2017-04-27 22:58:08.386, category=breakfast, vegetarian=false]
17:00:50.723 [qtp1643691748-16] INFO  com.ssinitsa.training.culinary.services.impl.RecipeServiceImpl - Update recipe: Recipe [id=3, name=recipegrdgdg, description=something, authorId=3, created=2017-04-27 22:58:08.386, category=breakfast, vegetarian=false]
22:27:30.425 [qtp1643691748-16] INFO  com.ssinitsa.training.culinary.services.impl.UserServiceImpl - Insert new user : User [id=56, login=login32, password=p32, registrated=2017-05-14 22:27:30.185, first_name=f32, last_name=l32, e-mail=email32, role=user]
22:29:13.782 [qtp1643691748-57] INFO  com.ssinitsa.training.culinary.services.impl.UserServiceImpl - Insert new user : User [id=57, login=login32, password=p32, registrated=2017-05-14 22:29:13.782, first_name=f32, last_name=l32, e-mail=email32, role=user]
22:29:13.797 [qtp1643691748-38] INFO  com.ssinitsa.training.culinary.services.impl.UserServiceImpl - Insert new user : User [id=58, login=login32, password=p32, registrated=2017-05-14 22:29:13.797, first_name=f32, last_name=l32, e-mail=email32, role=user]
22:29:13.970 [qtp1643691748-13] INFO  com.ssinitsa.training.culinary.services.impl.UserServiceImpl - Insert new user : User [id=59, login=login32, password=p32, registrated=2017-05-14 22:29:13.908, first_name=f32, last_name=l32, e-mail=email32, role=user]
22:29:13.986 [qtp1643691748-33] INFO  com.ssinitsa.training.culinary.services.impl.UserServiceImpl - Insert new user : User [id=60, login=login32, password=p32, registrated=2017-05-14 22:29:13.986, first_name=f32, last_name=l32, e-mail=email32, role=user]
22:29:14.048 [qtp1643691748-52] INFO  com.ssinitsa.training.culinary.services.impl.UserServiceImpl - Insert new user : User [id=61, login=login32, password=p32, registrated=2017-05-14 22:29:14.032, first_name=f32, last_name=l32, e-mail=email32, role=user]
22:29:14.064 [qtp1643691748-27] INFO  com.ssinitsa.training.culinary.services.impl.UserServiceImpl - Insert new user : User [id=62, login=login32, password=p32, registrated=2017-05-14 22:29:14.048, first_name=f32, last_name=l32, e-mail=email32, role=user]
22:29:14.064 [qtp1643691748-43] INFO  com.ssinitsa.training.culinary.services.impl.UserServiceImpl - Insert new user : User [id=63, login=login32, password=p32, registrated=2017-05-14 22:29:14.064, first_name=f32, last_name=l32, e-mail=email32, role=user]
22:29:14.095 [qtp1643691748-64] INFO  com.ssinitsa.training.culinary.services.impl.UserServiceImpl - Insert new user : User [id=64, login=login32, password=p32, registrated=2017-05-14 22:29:14.095, first_name=f32, last_name=l32, e-mail=email32, role=user]
22:29:14.095 [qtp1643691748-55] INFO  com.ssinitsa.training.culinary.services.impl.UserServiceImpl - Insert new user : User [id=65, login=login32, password=p32, registrated=2017-05-14 22:29:14.095, first_name=f32, last_name=l32, e-mail=email32, role=user]
22:29:14.126 [qtp1643691748-47] INFO  com.ssinitsa.training.culinary.services.impl.UserServiceImpl - Insert new user : User [id=66, login=login32, password=p32, registrated=2017-05-14 22:29:14.126, first_name=f32, last_name=l32, e-mail=email32, role=user]
22:29:14.142 [qtp1643691748-49] INFO  com.ssinitsa.training.culinary.services.impl.UserServiceImpl - Insert new user : User [id=67, login=login32, password=p32, registrated=2017-05-14 22:29:14.142, first_name=f32, last_name=l32, e-mail=email32, role=user]
22:29:14.157 [qtp1643691748-37] INFO  com.ssinitsa.training.culinary.services.impl.UserServiceImpl - Insert new user : User [id=68, login=login32, password=p32, registrated=2017-05-14 22:29:14.157, first_name=f32, last_name=l32, e-mail=email32, role=user]
22:29:14.173 [qtp1643691748-35] INFO  com.ssinitsa.training.culinary.services.impl.UserServiceImpl - Insert new user : User [id=69, login=login32, password=p32, registrated=2017-05-14 22:29:14.173, first_name=f32, last_name=l32, e-mail=email32, role=user]
22:29:14.188 [qtp1643691748-42] INFO  com.ssinitsa.training.culinary.services.impl.UserServiceImpl - Insert new user : User [id=70, login=login32, password=p32, registrated=2017-05-14 22:29:14.188, first_name=f32, last_name=l32, e-mail=email32, role=user]
22:29:14.204 [qtp1643691748-53] INFO  com.ssinitsa.training.culinary.services.impl.UserServiceImpl - Insert new user : User [id=71, login=login32, password=p32, registrated=2017-05-14 22:29:14.204, first_name=f32, last_name=l32, e-mail=email32, role=user]
22:29:14.220 [qtp1643691748-36] INFO  com.ssinitsa.training.culinary.services.impl.UserServiceImpl - Insert new user : User [id=72, login=login32, password=p32, registrated=2017-05-14 22:29:14.22, first_name=f32, last_name=l32, e-mail=email32, role=user]
22:29:14.235 [qtp1643691748-30] INFO  com.ssinitsa.training.culinary.services.impl.UserServiceImpl - Insert new user : User [id=73, login=login32, password=p32, registrated=2017-05-14 22:29:14.22, first_name=f32, last_name=l32, e-mail=email32, role=user]
22:29:14.235 [qtp1643691748-45] INFO  com.ssinitsa.training.culinary.services.impl.UserServiceImpl - Insert new user : User [id=74, login=login32, password=p32, registrated=2017-05-14 22:29:14.235, first_name=f32, last_name=l32, e-mail=email32, role=user]
22:29:14.251 [qtp1643691748-25] INFO  com.ssinitsa.training.culinary.services.impl.UserServiceImpl - Insert new user : User [id=75, login=login32, password=p32, registrated=2017-05-14 22:29:14.251, first_name=f32, last_name=l32, e-mail=email32, role=user]
22:29:14.266 [qtp1643691748-46] INFO  com.ssinitsa.training.culinary.services.impl.UserServiceImpl - Insert new user : User [id=76, login=login32, password=p32, registrated=2017-05-14 22:29:14.266, first_name=f32, last_name=l32, e-mail=email32, role=user]
22:29:14.298 [qtp1643691748-28] INFO  com.ssinitsa.training.culinary.services.impl.UserServiceImpl - Insert new user : User [id=77, login=login32, password=p32, registrated=2017-05-14 22:29:14.298, first_name=f32, last_name=l32, e-mail=email32, role=user]
22:29:14.313 [qtp1643691748-22] INFO  com.ssinitsa.training.culinary.services.impl.UserServiceImpl - Insert new user : User [id=78, login=login32, password=p32, registrated=2017-05-14 22:29:14.313, first_name=f32, last_name=l32, e-mail=email32, role=user]
22:29:14.329 [qtp1643691748-61] INFO  com.ssinitsa.training.culinary.services.impl.UserServiceImpl - Insert new user : User [id=79, login=login32, password=p32, registrated=2017-05-14 22:29:14.329, first_name=f32, last_name=l32, e-mail=email32, role=user]
22:29:14.344 [qtp1643691748-23] INFO  com.ssinitsa.training.culinary.services.impl.UserServiceImpl - Insert new user : User [id=80, login=login32, password=p32, registrated=2017-05-14 22:29:14.344, first_name=f32, last_name=l32, e-mail=email32, role=user]
22:29:14.344 [qtp1643691748-54] INFO  com.ssinitsa.training.culinary.services.impl.UserServiceImpl - Insert new user : User [id=81, login=login32, password=p32, registrated=2017-05-14 22:29:14.344, first_name=f32, last_name=l32, e-mail=email32, role=user]
22:29:14.360 [qtp1643691748-41] INFO  com.ssinitsa.training.culinary.services.impl.UserServiceImpl - Insert new user : User [id=82, login=login32, password=p32, registrated=2017-05-14 22:29:14.36, first_name=f32, last_name=l32, e-mail=email32, role=user]
22:29:14.360 [qtp1643691748-11] INFO  com.ssinitsa.training.culinary.services.impl.UserServiceImpl - Insert new user : User [id=83, login=login32, password=p32, registrated=2017-05-14 22:29:14.36, first_name=f32, last_name=l32, e-mail=email32, role=user]
22:29:14.376 [qtp1643691748-59] INFO  com.ssinitsa.training.culinary.services.impl.UserServiceImpl - Insert new user : User [id=84, login=login32, password=p32, registrated=2017-05-14 22:29:14.376, first_name=f32, last_name=l32, e-mail=email32, role=user]
22:29:14.391 [qtp1643691748-39] INFO  com.ssinitsa.training.culinary.services.impl.UserServiceImpl - Insert new user : User [id=85, login=login32, password=p32, registrated=2017-05-14 22:29:14.391, first_name=f32, last_name=l32, e-mail=email32, role=user]
22:29:14.407 [qtp1643691748-15] INFO  com.ssinitsa.training.culinary.services.impl.UserServiceImpl - Insert new user : User [id=86, login=login32, password=p32, registrated=2017-05-14 22:29:14.407, first_name=f32, last_name=l32, e-mail=email32, role=user]
22:29:14.422 [qtp1643691748-50] INFO  com.ssinitsa.training.culinary.services.impl.UserServiceImpl - Insert new user : User [id=87, login=login32, password=p32, registrated=2017-05-14 22:29:14.422, first_name=f32, last_name=l32, e-mail=email32, role=user]
22:29:14.422 [qtp1643691748-66] INFO  com.ssinitsa.training.culinary.services.impl.UserServiceImpl - Insert new user : User [id=88, login=login32, password=p32, registrated=2017-05-14 22:29:14.422, first_name=f32, last_name=l32, e-mail=email32, role=user]
22:29:14.610 [qtp1643691748-63] INFO  com.ssinitsa.training.culinary.services.impl.UserServiceImpl - Insert new user : User [id=89, login=login32, password=p32, registrated=2017-05-14 22:29:14.61, first_name=f32, last_name=l32, e-mail=email32, role=user]
22:29:14.625 [qtp1643691748-60] INFO  com.ssinitsa.training.culinary.services.impl.UserServiceImpl - Insert new user : User [id=90, login=login32, password=p32, registrated=2017-05-14 22:29:14.61, first_name=f32, last_name=l32, e-mail=email32, role=user]
22:29:14.625 [qtp1643691748-65] INFO  com.ssinitsa.training.culinary.services.impl.UserServiceImpl - Insert new user : User [id=91, login=login32, password=p32, registrated=2017-05-14 22:29:14.625, first_name=f32, last_name=l32, e-mail=email32, role=user]
22:29:14.697 [qtp1643691748-56] INFO  com.ssinitsa.training.culinary.services.impl.UserServiceImpl - Insert new user : User [id=92, login=login32, password=p32, registrated=2017-05-14 22:29:14.697, first_name=f32, last_name=l32, e-mail=email32, role=user]
22:29:14.713 [qtp1643691748-31] INFO  com.ssinitsa.training.culinary.services.impl.UserServiceImpl - Insert new user : User [id=93, login=login32, password=p32, registrated=2017-05-14 22:29:14.713, first_name=f32, last_name=l32, e-mail=email32, role=user]
22:29:14.728 [qtp1643691748-40] INFO  com.ssinitsa.training.culinary.services.impl.UserServiceImpl - Insert new user : User [id=94, login=login32, password=p32, registrated=2017-05-14 22:29:14.728, first_name=f32, last_name=l32, e-mail=email32, role=user]
22:29:14.744 [qtp1643691748-18] INFO  com.ssinitsa.training.culinary.services.impl.UserServiceImpl - Insert new user : User [id=95, login=login32, password=p32, registrated=2017-05-14 22:29:14.728, first_name=f32, last_name=l32, e-mail=email32, role=user]
22:29:14.744 [qtp1643691748-16] INFO  com.ssinitsa.training.culinary.services.impl.UserServiceImpl - Insert new user : User [id=96, login=login32, password=p32, registrated=2017-05-14 22:29:14.744, first_name=f32, last_name=l32, e-mail=email32, role=user]
22:29:14.759 [qtp1643691748-17] INFO  com.ssinitsa.training.culinary.services.impl.UserServiceImpl - Insert new user : User [id=97, login=login32, password=p32, registrated=2017-05-14 22:29:14.759, first_name=f32, last_name=l32, e-mail=email32, role=user]
22:29:14.775 [qtp1643691748-44] INFO  com.ssinitsa.training.culinary.services.impl.UserServiceImpl - Insert new user : User [id=98, login=login32, password=p32, registrated=2017-05-14 22:29:14.775, first_name=f32, last_name=l32, e-mail=email32, role=user]
22:29:14.791 [qtp1643691748-34] INFO  com.ssinitsa.training.culinary.services.impl.UserServiceImpl - Insert new user : User [id=99, login=login32, password=p32, registrated=2017-05-14 22:29:14.791, first_name=f32, last_name=l32, e-mail=email32, role=user]
22:29:14.791 [qtp1643691748-62] INFO  com.ssinitsa.training.culinary.services.impl.UserServiceImpl - Insert new user : User [id=100, login=login32, password=p32, registrated=2017-05-14 22:29:14.791, first_name=f32, last_name=l32, e-mail=email32, role=user]
22:29:14.823 [qtp1643691748-24] INFO  com.ssinitsa.training.culinary.services.impl.UserServiceImpl - Insert new user : User [id=101, login=login32, password=p32, registrated=2017-05-14 22:29:14.823, first_name=f32, last_name=l32, e-mail=email32, role=user]
22:29:14.823 [qtp1643691748-57] INFO  com.ssinitsa.training.culinary.services.impl.UserServiceImpl - Insert new user : User [id=102, login=login32, password=p32, registrated=2017-05-14 22:29:14.823, first_name=f32, last_name=l32, e-mail=email32, role=user]
22:29:14.838 [qtp1643691748-38] INFO  com.ssinitsa.training.culinary.services.impl.UserServiceImpl - Insert new user : User [id=103, login=login32, password=p32, registrated=2017-05-14 22:29:14.838, first_name=f32, last_name=l32, e-mail=email32, role=user]
22:29:14.854 [qtp1643691748-13] INFO  com.ssinitsa.training.culinary.services.impl.UserServiceImpl - Insert new user : User [id=104, login=login32, password=p32, registrated=2017-05-14 22:29:14.854, first_name=f32, last_name=l32, e-mail=email32, role=user]
22:29:14.854 [qtp1643691748-33] INFO  com.ssinitsa.training.culinary.services.impl.UserServiceImpl - Insert new user : User [id=105, login=login32, password=p32, registrated=2017-05-14 22:29:14.854, first_name=f32, last_name=l32, e-mail=email32, role=user]
22:29:14.870 [qtp1643691748-52] INFO  com.ssinitsa.training.culinary.services.impl.UserServiceImpl - Insert new user : User [id=106, login=login32, password=p32, registrated=2017-05-14 22:29:14.87, first_name=f32, last_name=l32, e-mail=email32, role=user]
22:29:14.885 [qtp1643691748-27] INFO  com.ssinitsa.training.culinary.services.impl.UserServiceImpl - Insert new user : User [id=107, login=login32, password=p32, registrated=2017-05-14 22:29:14.885, first_name=f32, last_name=l32, e-mail=email32, role=user]
22:29:14.885 [qtp1643691748-43] INFO  com.ssinitsa.training.culinary.services.impl.UserServiceImpl - Insert new user : User [id=108, login=login32, password=p32, registrated=2017-05-14 22:29:14.885, first_name=f32, last_name=l32, e-mail=email32, role=user]
22:29:14.901 [qtp1643691748-64] INFO  com.ssinitsa.training.culinary.services.impl.UserServiceImpl - Insert new user : User [id=109, login=login32, password=p32, registrated=2017-05-14 22:29:14.901, first_name=f32, last_name=l32, e-mail=email32, role=user]
22:29:14.916 [qtp1643691748-55] INFO  com.ssinitsa.training.culinary.services.impl.UserServiceImpl - Insert new user : User [id=110, login=login32, password=p32, registrated=2017-05-14 22:29:14.901, first_name=f32, last_name=l32, e-mail=email32, role=user]
22:29:14.932 [qtp1643691748-47] INFO  com.ssinitsa.training.culinary.services.impl.UserServiceImpl - Insert new user : User [id=111, login=login32, password=p32, registrated=2017-05-14 22:29:14.932, first_name=f32, last_name=l32, e-mail=email32, role=user]
22:29:14.948 [qtp1643691748-49] INFO  com.ssinitsa.training.culinary.services.impl.UserServiceImpl - Insert new user : User [id=112, login=login32, password=p32, registrated=2017-05-14 22:29:14.948, first_name=f32, last_name=l32, e-mail=email32, role=user]
22:29:14.948 [qtp1643691748-37] INFO  com.ssinitsa.training.culinary.services.impl.UserServiceImpl - Insert new user : User [id=113, login=login32, password=p32, registrated=2017-05-14 22:29:14.948, first_name=f32, last_name=l32, e-mail=email32, role=user]
22:29:14.963 [qtp1643691748-35] INFO  com.ssinitsa.training.culinary.services.impl.UserServiceImpl - Insert new user : User [id=114, login=login32, password=p32, registrated=2017-05-14 22:29:14.963, first_name=f32, last_name=l32, e-mail=email32, role=user]
22:29:14.979 [qtp1643691748-42] INFO  com.ssinitsa.training.culinary.services.impl.UserServiceImpl - Insert new user : User [id=115, login=login32, password=p32, registrated=2017-05-14 22:29:14.979, first_name=f32, last_name=l32, e-mail=email32, role=user]
22:29:14.979 [qtp1643691748-53] INFO  com.ssinitsa.training.culinary.services.impl.UserServiceImpl - Insert new user : User [id=116, login=login32, password=p32, registrated=2017-05-14 22:29:14.979, first_name=f32, last_name=l32, e-mail=email32, role=user]
22:29:14.994 [qtp1643691748-36] INFO  com.ssinitsa.training.culinary.services.impl.UserServiceImpl - Insert new user : User [id=117, login=login32, password=p32, registrated=2017-05-14 22:29:14.994, first_name=f32, last_name=l32, e-mail=email32, role=user]
22:29:15.010 [qtp1643691748-30] INFO  com.ssinitsa.training.culinary.services.impl.UserServiceImpl - Insert new user : User [id=118, login=login32, password=p32, registrated=2017-05-14 22:29:15.01, first_name=f32, last_name=l32, e-mail=email32, role=user]
22:29:15.010 [qtp1643691748-45] INFO  com.ssinitsa.training.culinary.services.impl.UserServiceImpl - Insert new user : User [id=119, login=login32, password=p32, registrated=2017-05-14 22:29:15.01, first_name=f32, last_name=l32, e-mail=email32, role=user]
22:29:15.026 [qtp1643691748-25] INFO  com.ssinitsa.training.culinary.services.impl.UserServiceImpl - Insert new user : User [id=120, login=login32, password=p32, registrated=2017-05-14 22:29:15.026, first_name=f32, last_name=l32, e-mail=email32, role=user]
22:29:15.041 [qtp1643691748-46] INFO  com.ssinitsa.training.culinary.services.impl.UserServiceImpl - Insert new user : User [id=121, login=login32, password=p32, registrated=2017-05-14 22:29:15.041, first_name=f32, last_name=l32, e-mail=email32, role=user]
22:29:15.057 [qtp1643691748-28] INFO  com.ssinitsa.training.culinary.services.impl.UserServiceImpl - Insert new user : User [id=122, login=login32, password=p32, registrated=2017-05-14 22:29:15.057, first_name=f32, last_name=l32, e-mail=email32, role=user]
22:29:15.072 [qtp1643691748-22] INFO  com.ssinitsa.training.culinary.services.impl.UserServiceImpl - Insert new user : User [id=123, login=login32, password=p32, registrated=2017-05-14 22:29:15.072, first_name=f32, last_name=l32, e-mail=email32, role=user]
22:29:15.072 [qtp1643691748-61] INFO  com.ssinitsa.training.culinary.services.impl.UserServiceImpl - Insert new user : User [id=124, login=login32, password=p32, registrated=2017-05-14 22:29:15.072, first_name=f32, last_name=l32, e-mail=email32, role=user]
22:29:15.088 [qtp1643691748-23] INFO  com.ssinitsa.training.culinary.services.impl.UserServiceImpl - Insert new user : User [id=125, login=login32, password=p32, registrated=2017-05-14 22:29:15.088, first_name=f32, last_name=l32, e-mail=email32, role=user]
22:29:15.104 [qtp1643691748-54] INFO  com.ssinitsa.training.culinary.services.impl.UserServiceImpl - Insert new user : User [id=126, login=login32, password=p32, registrated=2017-05-14 22:29:15.104, first_name=f32, last_name=l32, e-mail=email32, role=user]
22:29:15.119 [qtp1643691748-41] INFO  com.ssinitsa.training.culinary.services.impl.UserServiceImpl - Insert new user : User [id=127, login=login32, password=p32, registrated=2017-05-14 22:29:15.119, first_name=f32, last_name=l32, e-mail=email32, role=user]
22:29:15.135 [qtp1643691748-11] INFO  com.ssinitsa.training.culinary.services.impl.UserServiceImpl - Insert new user : User [id=128, login=login32, password=p32, registrated=2017-05-14 22:29:15.135, first_name=f32, last_name=l32, e-mail=email32, role=user]
22:29:15.150 [qtp1643691748-59] INFO  com.ssinitsa.training.culinary.services.impl.UserServiceImpl - Insert new user : User [id=129, login=login32, password=p32, registrated=2017-05-14 22:29:15.15, first_name=f32, last_name=l32, e-mail=email32, role=user]
22:29:15.166 [qtp1643691748-39] INFO  com.ssinitsa.training.culinary.services.impl.UserServiceImpl - Insert new user : User [id=130, login=login32, password=p32, registrated=2017-05-14 22:29:15.166, first_name=f32, last_name=l32, e-mail=email32, role=user]
22:29:15.182 [qtp1643691748-15] INFO  com.ssinitsa.training.culinary.services.impl.UserServiceImpl - Insert new user : User [id=131, login=login32, password=p32, registrated=2017-05-14 22:29:15.166, first_name=f32, last_name=l32, e-mail=email32, role=user]
22:29:15.182 [qtp1643691748-50] INFO  com.ssinitsa.training.culinary.services.impl.UserServiceImpl - Insert new user : User [id=132, login=login32, password=p32, registrated=2017-05-14 22:29:15.182, first_name=f32, last_name=l32, e-mail=email32, role=user]
22:29:15.213 [qtp1643691748-66] INFO  com.ssinitsa.training.culinary.services.impl.UserServiceImpl - Insert new user : User [id=133, login=login32, password=p32, registrated=2017-05-14 22:29:15.213, first_name=f32, last_name=l32, e-mail=email32, role=user]
22:29:15.228 [qtp1643691748-63] INFO  com.ssinitsa.training.culinary.services.impl.UserServiceImpl - Insert new user : User [id=134, login=login32, password=p32, registrated=2017-05-14 22:29:15.228, first_name=f32, last_name=l32, e-mail=email32, role=user]
22:29:15.244 [qtp1643691748-60] INFO  com.ssinitsa.training.culinary.services.impl.UserServiceImpl - Insert new user : User [id=135, login=login32, password=p32, registrated=2017-05-14 22:29:15.244, first_name=f32, last_name=l32, e-mail=email32, role=user]
22:29:15.260 [qtp1643691748-37] INFO  com.ssinitsa.training.culinary.services.impl.UserServiceImpl - Insert new user : User [id=136, login=login32, password=p32, registrated=2017-05-14 22:29:15.26, first_name=f32, last_name=l32, e-mail=email32, role=user]
22:29:15.275 [qtp1643691748-37] INFO  com.ssinitsa.training.culinary.services.impl.UserServiceImpl - Insert new user : User [id=137, login=login32, password=p32, registrated=2017-05-14 22:29:15.26, first_name=f32, last_name=l32, e-mail=email32, role=user]
22:29:15.291 [qtp1643691748-35] INFO  com.ssinitsa.training.culinary.services.impl.UserServiceImpl - Insert new user : User [id=138, login=login32, password=p32, registrated=2017-05-14 22:29:15.291, first_name=f32, last_name=l32, e-mail=email32, role=user]
22:29:15.306 [qtp1643691748-42] INFO  com.ssinitsa.training.culinary.services.impl.UserServiceImpl - Insert new user : User [id=139, login=login32, password=p32, registrated=2017-05-14 22:29:15.306, first_name=f32, last_name=l32, e-mail=email32, role=user]
22:29:15.306 [qtp1643691748-31] INFO  com.ssinitsa.training.culinary.services.impl.UserServiceImpl - Insert new user : User [id=140, login=login32, password=p32, registrated=2017-05-14 22:29:15.306, first_name=f32, last_name=l32, e-mail=email32, role=user]
22:29:15.322 [qtp1643691748-53] INFO  com.ssinitsa.training.culinary.services.impl.UserServiceImpl - Insert new user : User [id=141, login=login32, password=p32, registrated=2017-05-14 22:29:15.322, first_name=f32, last_name=l32, e-mail=email32, role=user]
22:29:15.338 [qtp1643691748-40] INFO  com.ssinitsa.training.culinary.services.impl.UserServiceImpl - Insert new user : User [id=142, login=login32, password=p32, registrated=2017-05-14 22:29:15.338, first_name=f32, last_name=l32, e-mail=email32, role=user]
22:29:15.353 [qtp1643691748-36] INFO  com.ssinitsa.training.culinary.services.impl.UserServiceImpl - Insert new user : User [id=143, login=login32, password=p32, registrated=2017-05-14 22:29:15.353, first_name=f32, last_name=l32, e-mail=email32, role=user]
22:29:15.369 [qtp1643691748-30] INFO  com.ssinitsa.training.culinary.services.impl.UserServiceImpl - Insert new user : User [id=144, login=login32, password=p32, registrated=2017-05-14 22:29:15.369, first_name=f32, last_name=l32, e-mail=email32, role=user]
22:29:15.384 [qtp1643691748-45] INFO  com.ssinitsa.training.culinary.services.impl.UserServiceImpl - Insert new user : User [id=145, login=login32, password=p32, registrated=2017-05-14 22:29:15.384, first_name=f32, last_name=l32, e-mail=email32, role=user]
22:29:15.400 [qtp1643691748-25] INFO  com.ssinitsa.training.culinary.services.impl.UserServiceImpl - Insert new user : User [id=146, login=login32, password=p32, registrated=2017-05-14 22:29:15.384, first_name=f32, last_name=l32, e-mail=email32, role=user]
22:29:15.400 [qtp1643691748-44] INFO  com.ssinitsa.training.culinary.services.impl.UserServiceImpl - Insert new user : User [id=147, login=login32, password=p32, registrated=2017-05-14 22:29:15.4, first_name=f32, last_name=l32, e-mail=email32, role=user]
22:29:15.431 [qtp1643691748-44] INFO  com.ssinitsa.training.culinary.services.impl.UserServiceImpl - Insert new user : User [id=148, login=login32, password=p32, registrated=2017-05-14 22:29:15.431, first_name=f32, last_name=l32, e-mail=email32, role=user]
22:29:15.447 [qtp1643691748-46] INFO  com.ssinitsa.training.culinary.services.impl.UserServiceImpl - Insert new user : User [id=149, login=login32, password=p32, registrated=2017-05-14 22:29:15.431, first_name=f32, last_name=l32, e-mail=email32, role=user]
22:29:15.447 [qtp1643691748-46] INFO  com.ssinitsa.training.culinary.services.impl.UserServiceImpl - Insert new user : User [id=150, login=login32, password=p32, registrated=2017-05-14 22:29:15.447, first_name=f32, last_name=l32, e-mail=email32, role=user]
22:29:15.462 [qtp1643691748-46] INFO  com.ssinitsa.training.culinary.services.impl.UserServiceImpl - Insert new user : User [id=151, login=login32, password=p32, registrated=2017-05-14 22:29:15.462, first_name=f32, last_name=l32, e-mail=email32, role=user]
22:29:15.478 [qtp1643691748-46] INFO  com.ssinitsa.training.culinary.services.impl.UserServiceImpl - Insert new user : User [id=152, login=login32, password=p32, registrated=2017-05-14 22:29:15.478, first_name=f32, last_name=l32, e-mail=email32, role=user]
22:29:15.494 [qtp1643691748-46] INFO  com.ssinitsa.training.culinary.services.impl.UserServiceImpl - Insert new user : User [id=153, login=login32, password=p32, registrated=2017-05-14 22:29:15.478, first_name=f32, last_name=l32, e-mail=email32, role=user]
22:29:15.509 [qtp1643691748-34] INFO  com.ssinitsa.training.culinary.services.impl.UserServiceImpl - Insert new user : User [id=154, login=login32, password=p32, registrated=2017-05-14 22:29:15.494, first_name=f32, last_name=l32, e-mail=email32, role=user]
22:29:15.509 [qtp1643691748-34] INFO  com.ssinitsa.training.culinary.services.impl.UserServiceImpl - Insert new user : User [id=155, login=login32, password=p32, registrated=2017-05-14 22:29:15.509, first_name=f32, last_name=l32, e-mail=email32, role=user]
22:29:15.665 [qtp1643691748-34] INFO  com.ssinitsa.training.culinary.services.impl.UserServiceImpl - Insert new user : User [id=156, login=login32, password=p32, registrated=2017-05-14 22:29:15.665, first_name=f32, last_name=l32, e-mail=email32, role=user]
22:29:15.759 [qtp1643691748-28] INFO  com.ssinitsa.training.culinary.services.impl.UserServiceImpl - Insert new user : User [id=157, login=login32, password=p32, registrated=2017-05-14 22:29:15.759, first_name=f32, last_name=l32, e-mail=email32, role=user]
22:29:15.852 [qtp1643691748-62] INFO  com.ssinitsa.training.culinary.services.impl.UserServiceImpl - Insert new user : User [id=158, login=login32, password=p32, registrated=2017-05-14 22:29:15.837, first_name=f32, last_name=l32, e-mail=email32, role=user]
22:29:15.868 [qtp1643691748-62] INFO  com.ssinitsa.training.culinary.services.impl.UserServiceImpl - Insert new user : User [id=159, login=login32, password=p32, registrated=2017-05-14 22:29:15.868, first_name=f32, last_name=l32, e-mail=email32, role=user]
22:29:15.884 [qtp1643691748-62] INFO  com.ssinitsa.training.culinary.services.impl.UserServiceImpl - Insert new user : User [id=160, login=login32, password=p32, registrated=2017-05-14 22:29:15.884, first_name=f32, last_name=l32, e-mail=email32, role=user]
22:29:15.899 [qtp1643691748-22] INFO  com.ssinitsa.training.culinary.services.impl.UserServiceImpl - Insert new user : User [id=161, login=login32, password=p32, registrated=2017-05-14 22:29:15.884, first_name=f32, last_name=l32, e-mail=email32, role=user]
22:29:15.900 [qtp1643691748-22] INFO  com.ssinitsa.training.culinary.services.impl.UserServiceImpl - Insert new user : User [id=162, login=login32, password=p32, registrated=2017-05-14 22:29:15.9, first_name=f32, last_name=l32, e-mail=email32, role=user]
22:29:15.916 [qtp1643691748-22] INFO  com.ssinitsa.training.culinary.services.impl.UserServiceImpl - Insert new user : User [id=163, login=login32, password=p32, registrated=2017-05-14 22:29:15.916, first_name=f32, last_name=l32, e-mail=email32, role=user]
22:29:15.931 [qtp1643691748-24] INFO  com.ssinitsa.training.culinary.services.impl.UserServiceImpl - Insert new user : User [id=164, login=login32, password=p32, registrated=2017-05-14 22:29:15.931, first_name=f32, last_name=l32, e-mail=email32, role=user]
22:29:15.947 [qtp1643691748-61] INFO  com.ssinitsa.training.culinary.services.impl.UserServiceImpl - Insert new user : User [id=165, login=login32, password=p32, registrated=2017-05-14 22:29:15.947, first_name=f32, last_name=l32, e-mail=email32, role=user]
22:29:15.947 [qtp1643691748-57] INFO  com.ssinitsa.training.culinary.services.impl.UserServiceImpl - Insert new user : User [id=166, login=login32, password=p32, registrated=2017-05-14 22:29:15.947, first_name=f32, last_name=l32, e-mail=email32, role=user]
22:29:15.963 [qtp1643691748-57] INFO  com.ssinitsa.training.culinary.services.impl.UserServiceImpl - Insert new user : User [id=167, login=login32, password=p32, registrated=2017-05-14 22:29:15.963, first_name=f32, last_name=l32, e-mail=email32, role=user]
22:29:15.994 [qtp1643691748-23] INFO  com.ssinitsa.training.culinary.services.impl.UserServiceImpl - Insert new user : User [id=168, login=login32, password=p32, registrated=2017-05-14 22:29:15.978, first_name=f32, last_name=l32, e-mail=email32, role=user]
22:29:15.994 [qtp1643691748-38] INFO  com.ssinitsa.training.culinary.services.impl.UserServiceImpl - Insert new user : User [id=169, login=login32, password=p32, registrated=2017-05-14 22:29:15.994, first_name=f32, last_name=l32, e-mail=email32, role=user]
22:29:16.009 [qtp1643691748-38] INFO  com.ssinitsa.training.culinary.services.impl.UserServiceImpl - Insert new user : User [id=170, login=login32, password=p32, registrated=2017-05-14 22:29:16.009, first_name=f32, last_name=l32, e-mail=email32, role=user]
22:29:16.025 [qtp1643691748-38] INFO  com.ssinitsa.training.culinary.services.impl.UserServiceImpl - Insert new user : User [id=171, login=login32, password=p32, registrated=2017-05-14 22:29:16.025, first_name=f32, last_name=l32, e-mail=email32, role=user]
22:29:16.041 [qtp1643691748-38] INFO  com.ssinitsa.training.culinary.services.impl.UserServiceImpl - Insert new user : User [id=172, login=login32, password=p32, registrated=2017-05-14 22:29:16.025, first_name=f32, last_name=l32, e-mail=email32, role=user]
22:29:16.056 [qtp1643691748-54] INFO  com.ssinitsa.training.culinary.services.impl.UserServiceImpl - Insert new user : User [id=173, login=login32, password=p32, registrated=2017-05-14 22:29:16.056, first_name=f32, last_name=l32, e-mail=email32, role=user]
22:29:16.072 [qtp1643691748-13] INFO  com.ssinitsa.training.culinary.services.impl.UserServiceImpl - Insert new user : User [id=174, login=login32, password=p32, registrated=2017-05-14 22:29:16.072, first_name=f32, last_name=l32, e-mail=email32, role=user]
22:29:16.087 [qtp1643691748-13] INFO  com.ssinitsa.training.culinary.services.impl.UserServiceImpl - Insert new user : User [id=175, login=login32, password=p32, registrated=2017-05-14 22:29:16.087, first_name=f32, last_name=l32, e-mail=email32, role=user]
22:29:16.103 [qtp1643691748-41] INFO  com.ssinitsa.training.culinary.services.impl.UserServiceImpl - Insert new user : User [id=176, login=login32, password=p32, registrated=2017-05-14 22:29:16.103, first_name=f32, last_name=l32, e-mail=email32, role=user]
22:29:16.119 [qtp1643691748-41] INFO  com.ssinitsa.training.culinary.services.impl.UserServiceImpl - Insert new user : User [id=177, login=login32, password=p32, registrated=2017-05-14 22:29:16.119, first_name=f32, last_name=l32, e-mail=email32, role=user]
22:29:16.134 [qtp1643691748-41] INFO  com.ssinitsa.training.culinary.services.impl.UserServiceImpl - Insert new user : User [id=178, login=login32, password=p32, registrated=2017-05-14 22:29:16.134, first_name=f32, last_name=l32, e-mail=email32, role=user]
22:29:16.150 [qtp1643691748-33] INFO  com.ssinitsa.training.culinary.services.impl.UserServiceImpl - Insert new user : User [id=179, login=login32, password=p32, registrated=2017-05-14 22:29:16.15, first_name=f32, last_name=l32, e-mail=email32, role=user]
22:29:16.165 [qtp1643691748-11] INFO  com.ssinitsa.training.culinary.services.impl.UserServiceImpl - Insert new user : User [id=180, login=login32, password=p32, registrated=2017-05-14 22:29:16.15, first_name=f32, last_name=l32, e-mail=email32, role=user]
22:29:16.165 [qtp1643691748-11] INFO  com.ssinitsa.training.culinary.services.impl.UserServiceImpl - Insert new user : User [id=181, login=login32, password=p32, registrated=2017-05-14 22:29:16.165, first_name=f32, last_name=l32, e-mail=email32, role=user]
22:29:16.197 [qtp1643691748-11] INFO  com.ssinitsa.training.culinary.services.impl.UserServiceImpl - Insert new user : User [id=182, login=login32, password=p32, registrated=2017-05-14 22:29:16.181, first_name=f32, last_name=l32, e-mail=email32, role=user]
22:29:16.212 [qtp1643691748-52] INFO  com.ssinitsa.training.culinary.services.impl.UserServiceImpl - Insert new user : User [id=183, login=login32, password=p32, registrated=2017-05-14 22:29:16.212, first_name=f32, last_name=l32, e-mail=email32, role=user]
22:29:16.228 [qtp1643691748-59] INFO  com.ssinitsa.training.culinary.services.impl.UserServiceImpl - Insert new user : User [id=184, login=login32, password=p32, registrated=2017-05-14 22:29:16.228, first_name=f32, last_name=l32, e-mail=email32, role=user]
22:29:16.243 [qtp1643691748-39] INFO  com.ssinitsa.training.culinary.services.impl.UserServiceImpl - Insert new user : User [id=185, login=login32, password=p32, registrated=2017-05-14 22:29:16.243, first_name=f32, last_name=l32, e-mail=email32, role=user]
22:29:16.259 [qtp1643691748-15] INFO  com.ssinitsa.training.culinary.services.impl.UserServiceImpl - Insert new user : User [id=186, login=login32, password=p32, registrated=2017-05-14 22:29:16.259, first_name=f32, last_name=l32, e-mail=email32, role=user]
22:29:16.275 [qtp1643691748-64] INFO  com.ssinitsa.training.culinary.services.impl.UserServiceImpl - Insert new user : User [id=187, login=login32, password=p32, registrated=2017-05-14 22:29:16.275, first_name=f32, last_name=l32, e-mail=email32, role=user]
22:29:16.290 [qtp1643691748-55] INFO  com.ssinitsa.training.culinary.services.impl.UserServiceImpl - Insert new user : User [id=188, login=login32, password=p32, registrated=2017-05-14 22:29:16.29, first_name=f32, last_name=l32, e-mail=email32, role=user]
22:29:16.306 [qtp1643691748-47] INFO  com.ssinitsa.training.culinary.services.impl.UserServiceImpl - Insert new user : User [id=189, login=login32, password=p32, registrated=2017-05-14 22:29:16.306, first_name=f32, last_name=l32, e-mail=email32, role=user]
22:29:16.321 [qtp1643691748-49] INFO  com.ssinitsa.training.culinary.services.impl.UserServiceImpl - Insert new user : User [id=190, login=login32, password=p32, registrated=2017-05-14 22:29:16.321, first_name=f32, last_name=l32, e-mail=email32, role=user]
22:29:16.321 [qtp1643691748-60] INFO  com.ssinitsa.training.culinary.services.impl.UserServiceImpl - Insert new user : User [id=191, login=login32, password=p32, registrated=2017-05-14 22:29:16.321, first_name=f32, last_name=l32, e-mail=email32, role=user]
22:29:16.337 [qtp1643691748-37] INFO  com.ssinitsa.training.culinary.services.impl.UserServiceImpl - Insert new user : User [id=192, login=login32, password=p32, registrated=2017-05-14 22:29:16.337, first_name=f32, last_name=l32, e-mail=email32, role=user]
22:29:16.353 [qtp1643691748-65] INFO  com.ssinitsa.training.culinary.services.impl.UserServiceImpl - Insert new user : User [id=193, login=login32, password=p32, registrated=2017-05-14 22:29:16.353, first_name=f32, last_name=l32, e-mail=email32, role=user]
22:29:16.399 [qtp1643691748-35] INFO  com.ssinitsa.training.culinary.services.impl.UserServiceImpl - Insert new user : User [id=194, login=login32, password=p32, registrated=2017-05-14 22:29:16.399, first_name=f32, last_name=l32, e-mail=email32, role=user]
22:29:16.446 [qtp1643691748-56] INFO  com.ssinitsa.training.culinary.services.impl.UserServiceImpl - Insert new user : User [id=195, login=login32, password=p32, registrated=2017-05-14 22:29:16.446, first_name=f32, last_name=l32, e-mail=email32, role=user]
22:29:16.462 [qtp1643691748-56] INFO  com.ssinitsa.training.culinary.services.impl.UserServiceImpl - Insert new user : User [id=196, login=login32, password=p32, registrated=2017-05-14 22:29:16.462, first_name=f32, last_name=l32, e-mail=email32, role=user]
22:29:16.477 [qtp1643691748-56] INFO  com.ssinitsa.training.culinary.services.impl.UserServiceImpl - Insert new user : User [id=197, login=login32, password=p32, registrated=2017-05-14 22:29:16.462, first_name=f32, last_name=l32, e-mail=email32, role=user]
22:29:16.477 [qtp1643691748-56] INFO  com.ssinitsa.training.culinary.services.impl.UserServiceImpl - Insert new user : User [id=198, login=login32, password=p32, registrated=2017-05-14 22:29:16.477, first_name=f32, last_name=l32, e-mail=email32, role=user]
22:29:16.602 [qtp1643691748-56] INFO  com.ssinitsa.training.culinary.services.impl.UserServiceImpl - Insert new user : User [id=199, login=login32, password=p32, registrated=2017-05-14 22:29:16.493, first_name=f32, last_name=l32, e-mail=email32, role=user]
22:29:16.649 [qtp1643691748-56] INFO  com.ssinitsa.training.culinary.services.impl.UserServiceImpl - Insert new user : User [id=200, login=login32, password=p32, registrated=2017-05-14 22:29:16.649, first_name=f32, last_name=l32, e-mail=email32, role=user]
22:29:16.649 [qtp1643691748-56] INFO  com.ssinitsa.training.culinary.services.impl.UserServiceImpl - Insert new user : User [id=201, login=login32, password=p32, registrated=2017-05-14 22:29:16.649, first_name=f32, last_name=l32, e-mail=email32, role=user]
22:29:17.273 [qtp1643691748-56] INFO  com.ssinitsa.training.culinary.services.impl.UserServiceImpl - Insert new user : User [id=202, login=login32, password=p32, registrated=2017-05-14 22:29:16.945, first_name=f32, last_name=l32, e-mail=email32, role=user]
22:29:17.476 [qtp1643691748-56] INFO  com.ssinitsa.training.culinary.services.impl.UserServiceImpl - Insert new user : User [id=203, login=login32, password=p32, registrated=2017-05-14 22:29:17.476, first_name=f32, last_name=l32, e-mail=email32, role=user]
